⚠️  No virtualenv detected. Creating .venv...
✅ Activated virtualenv at .venv
📦 Installing host-side dependencies...

[notice] A new release of pip is available: 24.0 -> 25.3
[notice] To update, run: pip install --upgrade pip
🚀 Delegating to install.sh...
🚀 Starting Image Tagger v3 (v3.4.74_vlm_lab_notebook_TL_runbook)
🧬 Running structural hollow-repo guard
[hollow_repo_guard] OK: structure looks non-hollow.
🧪 Running program integrity guard
[program_integrity_guard] Integrity violations detected:
  Bare ellipses (forbidden):
    .venv/lib/python3.12/site-packages/pip/_internal/network/auth.py:51:         ...
    .venv/lib/python3.12/site-packages/pip/_internal/network/auth.py:55:         ...
    .venv/lib/python3.12/site-packages/pip/_internal/index/collector.py:205:         ...
    .venv/lib/python3.12/site-packages/pip/_vendor/typing_extensions.py:292:                     ...
    .venv/lib/python3.12/site-packages/pip/_vendor/typing_extensions.py:295:                     ...
    .venv/lib/python3.12/site-packages/pip/_vendor/typing_extensions.py:298:                 ...
    .venv/lib/python3.12/site-packages/pip/_vendor/typing_extensions.py:300:                 ...
    .venv/lib/python3.12/site-packages/pip/_vendor/typing_extensions.py:771:                         ...
    .venv/lib/python3.12/site-packages/pip/_vendor/typing_extensions.py:794:                         ...
    .venv/lib/python3.12/site-packages/pip/_vendor/typing_extensions.py:1860:                     ...
    .venv/lib/python3.12/site-packages/pip/_vendor/typing_extensions.py:1863:                     ...
    .venv/lib/python3.12/site-packages/pip/_vendor/typing_extensions.py:1914:                     ...
    .venv/lib/python3.12/site-packages/pip/_vendor/typing_extensions.py:1917:                     ...
    .venv/lib/python3.12/site-packages/pip/_vendor/typing_extensions.py:1987:               ...
    .venv/lib/python3.12/site-packages/pip/_vendor/typing_extensions.py:2011:                   ...
    .venv/lib/python3.12/site-packages/pip/_vendor/typing_extensions.py:2368:             ...
    .venv/lib/python3.12/site-packages/pip/_vendor/typing_extensions.py:2384:                 ...
    .venv/lib/python3.12/site-packages/pip/_vendor/typing_extensions.py:2811:                 ...
    .venv/lib/python3.12/site-packages/pip/_vendor/truststore/_api.py:175:         ...
    .venv/lib/python3.12/site-packages/pip/_vendor/truststore/_api.py:179:         ...
    .venv/lib/python3.12/site-packages/pip/_vendor/truststore/_api.py:183:         ...
    .venv/lib/python3.12/site-packages/pip/_vendor/pygments/formatters/html.py:166:         ...
    .venv/lib/python3.12/site-packages/pip/_vendor/pygments/formatters/html.py:183:         ...
    .venv/lib/python3.12/site-packages/pip/_vendor/pyparsing/core.py:943:             ...
    .venv/lib/python3.12/site-packages/pip/_vendor/pyparsing/core.py:946:             ...
    .venv/lib/python3.12/site-packages/pip/_vendor/pyparsing/core.py:1167:         ...
    .venv/lib/python3.12/site-packages/pip/_vendor/tenacity/__init__.py:499:     ...
    .venv/lib/python3.12/site-packages/pip/_vendor/tenacity/__init__.py:515:     ...
    .venv/lib/python3.12/site-packages/pip/_vendor/requests/__init__.py:26:      ...
    .venv/lib/python3.12/site-packages/pip/_vendor/requests/__init__.py:31:      ...
    .venv/lib/python3.12/site-packages/pip/_vendor/requests/utils.py:324:         ...
    .venv/lib/python3.12/site-packages/pip/_vendor/requests/utils.py:352:         ...
    .venv/lib/python3.12/site-packages/pip/_vendor/pyproject_hooks/_impl.py:142:                 ...
    .venv/lib/python3.12/site-packages/pip/_vendor/rich/console.py:266:         ...
    .venv/lib/python3.12/site-packages/pip/_vendor/rich/console.py:276:         ...
    .venv/lib/python3.12/site-packages/pip/_vendor/rich/containers.py:80:         ...
    .venv/lib/python3.12/site-packages/pip/_vendor/rich/containers.py:84:         ...
    .venv/lib/python3.12/site-packages/pip/_vendor/rich/repr.py:29:     ...
    .venv/lib/python3.12/site-packages/pip/_vendor/rich/repr.py:34:     ...
    .venv/lib/python3.12/site-packages/pip/_vendor/rich/repr.py:106:     ...
    .venv/lib/python3.12/site-packages/pip/_vendor/rich/repr.py:111:     ...
    .venv/lib/python3.12/site-packages/pip/_vendor/rich/prompt.py:89:         ...
    .venv/lib/python3.12/site-packages/pip/_vendor/rich/prompt.py:104:         ...
    .venv/lib/python3.12/site-packages/pip/_vendor/rich/prompt.py:254:         ...
    .venv/lib/python3.12/site-packages/pip/_vendor/rich/prompt.py:260:         ...
    .venv/lib/python3.12/site-packages/pip/_vendor/pkg_resources/__init__.py:1625:         ...
    .venv/lib/python3.12/site-packages/pip/_vendor/pkg_resources/__init__.py:1631:         ...
    .venv/lib/python3.12/site-packages/pip/_vendor/pkg_resources/__init__.py:1645:         ...
❌ Program Integrity Guard failed
